0:100  0:100  MemLog inited, TSC freq: 3696511740
0:100  0:000  CPU was calibrated with RTC
0:100  0:000  CloverX64 : Image base = 0x7A49F000
0:100  0:000  Clover ImageHandle = 8a7b5d98
0:102  0:002  === [ Starting Clover ] =========================
0:102  0:000  Now is 09.10.2021,  17:27:00 (GMT)
0:102  0:000  Starting Clover revision: 5140 (master, commit 83b93234b) on American Megatrends EFI
0:102  0:000  Build id: 20210929163255-83b9323-dirty
0:102  0:000  Build with: [Args: -D NO_GRUB_DRIVERS_EMBEDDED -D LESS_DEBUG -t GCC53 | --cmd-len=50000 -D NO_GRUB_DRIVERS_EMBEDDED -D LESS_DEBUG --conf=/Users/sergey/src/CloverBootloader/Conf -D USE_LOW_EBDA -a X64 -b RELEASE -t GCC53 -n 5 | OS: 12]
0:102  0:000  SimpleTextEx Status=Success
0:102  0:000  === [ Get Smbios ] ==============================
0:109  0:006  Type 16 Index = 0
0:109  0:000  Total Memory Slots Count = 4
0:109  0:000  Type 17 Index = 0
0:109  0:000  Ignoring insane frequency value 0MHz
0:109  0:000  Type 17 Index = 1
0:109  0:000  SmbiosTable.Type17->Speed = 3200MHz
0:109  0:000  SmbiosTable.Type17->Size = 16384MB
0:109  0:000  SmbiosTable.Type17->Bank/Device = BANK 1 ChannelA-DIMM1
0:109  0:000  SmbiosTable.Type17->Vendor = 029E
0:109  0:000  SmbiosTable.Type17->SerialNumber = 00000000
0:109  0:000  SmbiosTable.Type17->PartNumber = CM4X16GC3200C16K2E
0:109  0:000  Type 17 Index = 2
0:109  0:000  Ignoring insane frequency value 0MHz
0:109  0:000  Type 17 Index = 3
0:109  0:000  SmbiosTable.Type17->Speed = 3200MHz
0:109  0:000  SmbiosTable.Type17->Size = 16384MB
0:109  0:000  SmbiosTable.Type17->Bank/Device = BANK 3 ChannelB-DIMM1
0:109  0:000  SmbiosTable.Type17->Vendor = 029E
0:109  0:000  SmbiosTable.Type17->SerialNumber = 00000000
0:109  0:000  SmbiosTable.Type17->PartNumber = CM4X16GC3200C16K2E
0:109  0:000  Boot status=0
0:109  0:000  Running on: 'MS-7B54' with board 'Z370M MORTAR (MS-7B54)'
0:109  0:000  === [ GetCPUProperties ] ========================
0:109  0:000  CPU Vendor = 756E6547 Model=906EA
0:109  0:000   The CPU supported SSE4.1
0:109  0:000  BrandString = Intel(R) Core(TM) i7-8700K CPU @ 3.70GHz
0:109  0:000   The CPU supported turbo
0:109  0:000   Energy PerfBias is  not visible:
0:109  0:000  MSR 0x35               6000C
0:109  0:000   TSC/CCC Information Leaf:
0:109  0:000    numerator     : 308
0:109  0:000    denominator   : 2
0:109  0:000   Calibrated ARTFrequency: 24003322
0:109  0:000   Rounded ARTFrequency: 24000000
0:109  0:000  MSR 0xE2 before patch 1E000000
0:109  0:000  MSR 0xCE              08080838_F1012500
0:109  0:000  corrected FLEX_RATIO = E0000
0:109  0:000  FSBFrequency = 100 MHz, DMI FSBFrequency = 100 MHz, Corrected FSBFrequency = 100 MHz
0:109  0:000  MaxDiv/MinDiv: 37.0/8
0:109  0:000  Turbo: 44/45/46/47
0:109  0:000  Features: 0x77FAFBFFBFEBFBFF
0:109  0:000  Threads: 12
0:109  0:000  Cores: 6
0:109  0:000  FSB: 100 MHz
0:109  0:000  CPU: 3700 MHz
0:109  0:000  TSC: 3700 MHz
0:109  0:000  PIS: 100 MHz
0:109  0:000  ExternalClock: 25 MHz
0:109  0:000  === [ GetDevices ] ==============================
0:109  0:000  GOP found at: PciRoot(0x0)/Pci(0x1,0x0)/Pci(0x0,0x0)/Pci(0x0,0x0)/Pci(0x0,0x0)/AcpiAdr(0x80010302)
0:109  0:000  PCI (00|00:00.00) : 8086 3EC2 class=060000
0:109  0:000  PCI (00|00:01.00) : 8086 1901 class=060400
0:109  0:000  PCI (00|01:00.00) : 1022 1470 class=060400
0:109  0:000  PCI (00|02:00.00) : 1022 1471 class=060400
0:109  0:000  PCI (00|03:00.00) : 1002 687F class=030000
0:109  0:000   - GFX: Model=AMD Radeon Vega 64 (ATI/AMD)
0:109  0:000   - GOP: Provided by device
0:109  0:000  PCI (00|03:00.01) : 1002 AAF8 class=040300
0:109  0:000   - HDMI Audio: 
0:109  0:000  PCI (00|00:08.00) : 8086 1911 class=088000
0:109  0:000  PCI (00|00:14.00) : 8086 A2AF class=0C0330
0:109  0:000  PCI (00|00:14.02) : 8086 A2B1 class=118000
0:109  0:000  PCI (00|00:16.00) : 8086 A2BA class=078000
0:109  0:000  PCI (00|00:17.00) : 8086 A282 class=010601
0:109  0:000  PCI (00|00:1B.00) : 8086 A2E7 class=060400
0:109  0:000  PCI (00|00:1B.04) : 8086 A2EB class=060400
0:109  0:000  PCI (00|05:00.00) : 1CC1 8201 class=010802
0:109  0:000  PCI (00|00:1C.00) : 8086 A290 class=060400
0:109  0:000  PCI (00|00:1C.04) : 8086 A294 class=060400
0:109  0:000  PCI (00|07:00.00) : 14E4 43BA class=028000
0:109  0:000   - WIFI: Vendor= Broadcom
0:109  0:000  PCI (00|00:1D.00) : 8086 A298 class=060400
0:109  0:000  PCI (00|08:00.00) : 144D A808 class=010802
0:109  0:000  PCI (00|00:1F.00) : 8086 A2C9 class=060100
0:109  0:000  PCI (00|00:1F.02) : 8086 A2A1 class=058000
0:109  0:000  PCI (00|00:1F.03) : 8086 A2F0 class=040300
0:109  0:000  PCI (00|00:1F.04) : 8086 A2A3 class=0C0500
0:109  0:000  PCI (00|00:1F.06) : 8086 15B8 class=020000
0:109  0:000   - LAN: 1 Vendor=Intel
0:109  0:000  Legacy MAC address of LAN #0= 30:9C:23:9C:D3:95:
0:109  0:000  _checkOEMPath Look for oem dir at path '\EFI\CLOVER\OEM\MS-7B54--30-9C-23-9C-D3-95'. Dir doesn't exist.
0:110  0:000  _checkOEMPath Look for oem dir at path '\EFI\CLOVER\OEM\Z370M MORTAR (MS-7B54)\UEFI'. Dir doesn't exist.
0:110  0:000  _checkOEMPath Look for oem dir at path '\EFI\CLOVER\OEM\MS-7B54'. Dir doesn't exist.
0:110  0:000  _checkOEMPath Look for oem dir at path '\EFI\CLOVER\OEM\MS-7B54-3700'. Dir doesn't exist.
0:110  0:000  _checkOEMPath Look for oem dir at path '\EFI\CLOVER\OEM\Z370M MORTAR (MS-7B54)'. Dir doesn't exist.
0:110  0:000  _checkOEMPath Look for oem dir at path '\EFI\CLOVER\OEM\Z370M MORTAR (MS-7B54)-3700'. Dir doesn't exist.
0:110  0:000  === [ GetUserSettings ] =========================
0:110  0:000  Using config.plist at path: \EFI\CLOVER
0:111  0:000  Cannot find smbios.plist at path '\EFI\CLOVER' : Not Found
0:111  0:000  '\EFI\CLOVER\smbios.plist' not loaded. Efi error Not Found
0:111  0:000  BiosVersion: not set, Using BiosVersion from clover
0:111  0:000  BiosVersion: IMP11.88Z.F000.B00.2107050205
0:111  0:000  BiosReleaseDate: not set, Using BiosReleaseDate from clover
0:111  0:000  BiosReleaseDate: 07/05/2021
0:111  0:000  
0:111  0:000  Using EfiVersion from clover: 1715.0.57.0.0
0:111  0:000  Calibrated TSC Frequency = 3696511740 = 3696MHz
0:111  0:000  GOP found at: PciRoot(0x0)/Pci(0x1,0x0)/Pci(0x0,0x0)/Pci(0x0,0x0)/Pci(0x0,0x0)/AcpiAdr(0x80010302)
0:116  0:005  === [ GetListOfThemes ] =========================
0:116  0:000  - [00]: random
0:117  0:000  - [00]: embedded
0:117  0:000  === [ Found config plists ] =====================
0:117  0:000  - config.plist
0:117  0:000  === [ LoadDrivers ] =============================
0:119  0:001  Loading FSInject.efi status=Success
0:120  0:001  Loading SMCHelper.efi status=Success
0:121  0:001  Loading VBoxHfs.efi status=Success
0:123  0:001   - driver needs connecting
0:123  0:000  Loading ApfsDriverLoader.efi status=Success
0:124  0:001   - driver needs connecting
0:124  0:000  Loading AudioDxe.efi status=Success
0:126  0:001   - driver needs connecting
0:126  0:000  3 drivers needs connecting ...
0:126  0:000  PlatformDriverOverrideProtocol not found. Installing ... Success
0:126  0:000  HFS+ driver loaded
0:126  0:000  APFS driver loaded
0:126  0:000  Searching for invalid DiskIo BY_DRIVER connects: not found, all ok
5:769  5:642  === [ InitScreen ] ==============================
5:769  0:000  Console modes reported: 4, available modes:
5:769  0:000   - [01]: 80x25
5:769  0:000   - [02]: 80x50
5:769  0:000   - [03]: 100x31
5:769  0:000   - [04]: 128x40 (current mode)
5:769  0:000  SetMaxResolution: found best mode 0: 3840x2160
5:769  0:000   - already set
5:770  0:001  Using embedded font
5:771  0:000  === [ ScanSPD ] =================================
5:771  0:000  Scanning SMBus [8086:A2A3], mmio: 0xDFD4A004, ioport: 0xF000, hostc: 0x1
5:790  0:018  Found module with XMP version 2.0
5:790  0:000  Using XMP Profile1 instead of standard frequency 2132MHz
5:790  0:000  Slot: 1 Type 26 16384MB 3200MHz Vendor=Corsair PartNo=CM4X16GC3200C16K2E SerialNo=00000000
5:808  0:018  Found module with XMP version 2.0
5:808  0:000  Using XMP Profile1 instead of standard frequency 2132MHz
5:808  0:000  Slot: 3 Type 26 16384MB 3200MHz Vendor=Corsair PartNo=CM4X16GC3200C16K2E SerialNo=00000000
5:809  0:000  === [ GetAcpiTablesList ] =======================
5:817  0:007  Get Acpi Tables List from RSDT:
5:817  0:000   - [00]: FACP  A M I  len=132
5:817  0:000   - [01]: APIC  A M I  len=244
5:817  0:000   - [02]: FPDT  A M I  len=68
5:817  0:000   - [03]: FIDT  A M I len=156
5:817  0:000   - [04]: MCFG  A M I  len=60
5:817  0:000   - [05]: SSDT  SataTabl len=931
5:817  0:000   - [06]: SSDT  SaSsdt  len=12645
5:817  0:000   - [07]: SSDT  PegSsdt len=10051
5:817  0:000   - [08]: HPET  KBL len=56
5:817  0:000   - [09]: SSDT  Ther_Rvp len=4522
5:817  0:000   - [10]: SSDT  xh_rvp08 len=2603
5:817  0:000   - [11]: UEFI  A M I  len=72
5:817  0:000   - [12]: SSDT  CpuSsdt len=6062
5:817  0:000   - [13]: LPIT  KBL len=148
5:817  0:000   - [14]: SSDT  HdaDsp len=321
5:817  0:000   - [15]: SSDT  sensrhub len=671
5:817  0:000   - [16]: SSDT  PtidDevc len=12290
5:817  0:000   - [17]: SSDT  TbtTypeC len=1303
5:817  0:000   - [18]: SSDT  Wwan len=745
5:817  0:000   - [19]: DBGP   len=52
5:817  0:000   - [20]: DBG2   len=84
5:817  0:000   - [21]: VFCT  A M I  len=62084
5:817  0:000   - [22]: BGRT  A M I  len=56
5:817  0:000   - [23]: WSMT  A M I  len=40
5:818  0:000   - [00]: Drop table : DMAR,                0 :  no
5:818  0:000  Custom boot CUSTOM_BOOT_USER_DISABLED (0x0)
5:818  0:000  Default theme: embedded
5:818  0:000  === [ Found DSDT tables ] =======================
5:818  0:000  === [ InitKextList ] ============================
5:866  0:048  === [ ScanVolumes ] =============================
5:866  0:000  Found 16 volumes with blockIO
5:866  0:000  - [00]: Volume: PciRoot(0x0)\Pci(0x17,0x0)\Sata(0x1,0xFFFF,0x0)
5:867  0:000  - [01]: Volume: PciRoot(0x0)\Pci(0x17,0x0)\Sata(0x1,0xFFFF,0x0)\HD(1,GPT,4D94CC32-335D-4EA5-AF17-4E3B577B9A9D,0x28,0x64000)
5:868  0:000          Result of bootcode detection: bootable unknown (legacy)
5:874  0:006            label : EFI
5:874  0:000          hiding this volume
5:874  0:000  - [02]: Volume: PciRoot(0x0)\Pci(0x17,0x0)\Sata(0x1,0xFFFF,0x0)\HD(2,GPT,6C6721CC-1E79-48E1-BC4C-50ED90598224,0x64800,0xA7A5B000)
5:875  0:000          Result of bootcode detection: bootable Windows (vista,win)
5:875  0:000            label : Driver
5:875  0:000          hiding this volume
5:875  0:000  - [03]: Volume: PciRoot(0x0)\Pci(0x1B,0x4)\Pci(0x0,0x0)\NVMe(0x1,00-00-00-00-00-00-00-00)
5:875  0:000  - [04]: Volume: PciRoot(0x0)\Pci(0x1B,0x4)\Pci(0x0,0x0)\NVMe(0x1,00-00-00-00-00-00-00-00)\HD(1,GPT,D4E80D6C-0E23-4FC0-B2C2-3D25D31EF55F,0x800,0x8000)
5:875  0:000  - [05]: Volume: PciRoot(0x0)\Pci(0x1B,0x4)\Pci(0x0,0x0)\NVMe(0x1,00-00-00-00-00-00-00-00)\HD(2,GPT,EBD2AC31-37A5-4CC2-8766-02005CA822F8,0x8800,0x3B8B6EF8)
5:875  0:000          Result of bootcode detection: bootable Windows (vista,win)
5:875  0:000            label : Unknown HD2
5:875  0:000  - [06]: Volume: PciRoot(0x0)\Pci(0x1B,0x4)\Pci(0x0,0x0)\NVMe(0x1,00-00-00-00-00-00-00-00)\HD(3,GPT,2D27B758-B333-4DAC-B745-D0920D2209D6,0x3B8BF800,0x121000)
5:875  0:000          Result of bootcode detection: bootable Windows (vista,win)
5:875  0:000            label : Unknown HD3
5:875  0:000  - [07]: Volume: PciRoot(0x0)\Pci(0x1D,0x0)\Pci(0x0,0x0)\NVMe(0x1,DF-A2-B0-81-57-38-25-00)
5:875  0:000  - [08]: Volume: PciRoot(0x0)\Pci(0x1D,0x0)\Pci(0x0,0x0)\NVMe(0x1,DF-A2-B0-81-57-38-25-00)\HD(1,GPT,2D4AB95A-D40B-48A3-B985-90FDB507D9F0,0x28,0x64000)
5:875  0:000          Result of bootcode detection: bootable unknown (legacy)
5:876  0:000            label : EFI
5:876  0:000          This is SelfVolume !!
5:876  0:000  - [09]: Volume: PciRoot(0x0)\Pci(0x1D,0x0)\Pci(0x0,0x0)\NVMe(0x1,DF-A2-B0-81-57-38-25-00)\HD(2,GPT,06923995-5745-429E-B3B0-60BD77B546E4,0x64028,0x3A321FE0)
5:876  0:000          Result of bootcode detection: bootable unknown (legacy)
5:876  0:000  - [10]: Volume: PciRoot(0x0)\Pci(0x1D,0x0)\Pci(0x0,0x0)\NVMe(0x1,DF-A2-B0-81-57-38-25-00)\HD(2,GPT,06923995-5745-429E-B3B0-60BD77B546E4,0x64028,0x3A321FE0)\VenMedia(BE74FCF7-0B7C-49F3-9147-01F4042E6842,4E32306C1B03A1449083E16484E6896B)
5:876  0:000            apfsFileSystemUUID=6C30324E-031B-44A1-9083-E16484E6896B, ApfsContainerUUID=230DCDFE-52C3-4B19-95AF-72D31650E01E, ApfsRole=0x10
5:877  0:000            label : Preboot
5:877  0:000  - [11]: Volume: PciRoot(0x0)\Pci(0x1D,0x0)\Pci(0x0,0x0)\NVMe(0x1,DF-A2-B0-81-57-38-25-00)\HD(2,GPT,06923995-5745-429E-B3B0-60BD77B546E4,0x64028,0x3A321FE0)\VenMedia(BE74FCF7-0B7C-49F3-9147-01F4042E6842,8775939AAEF0A941A833AC862F048712)
5:877  0:000            apfsFileSystemUUID=9A937587-F0AE-41A9-A833-AC862F048712, ApfsContainerUUID=230DCDFE-52C3-4B19-95AF-72D31650E01E, ApfsRole=0x40
5:885  0:008            label : Hackintosh - Data
5:885  0:000  - [12]: Volume: PciRoot(0x0)\Pci(0x1D,0x0)\Pci(0x0,0x0)\NVMe(0x1,DF-A2-B0-81-57-38-25-00)\HD(2,GPT,06923995-5745-429E-B3B0-60BD77B546E4,0x64028,0x3A321FE0)\VenMedia(BE74FCF7-0B7C-49F3-9147-01F4042E6842,EDC5656EA1D364418E1C3327395305D8)
5:885  0:000            apfsFileSystemUUID=6E65C5ED-D3A1-4164-8E1C-3327395305D8, ApfsContainerUUID=230DCDFE-52C3-4B19-95AF-72D31650E01E, ApfsRole=0x4
5:885  0:000            label : Recovery
5:885  0:000          hiding this volume
5:885  0:000  - [13]: Volume: PciRoot(0x0)\Pci(0x1D,0x0)\Pci(0x0,0x0)\NVMe(0x1,DF-A2-B0-81-57-38-25-00)\HD(2,GPT,06923995-5745-429E-B3B0-60BD77B546E4,0x64028,0x3A321FE0)\VenMedia(BE74FCF7-0B7C-49F3-9147-01F4042E6842,F0B601DBBD3AD1409C2A77ED396AD250)
5:886  0:000            apfsFileSystemUUID=DB01B6F0-3ABD-40D1-9C2A-77ED396AD250, ApfsContainerUUID=230DCDFE-52C3-4B19-95AF-72D31650E01E, ApfsRole=0x8
5:886  0:000            label : VM
5:886  0:000  - [14]: Volume: PciRoot(0x0)\Pci(0x1D,0x0)\Pci(0x0,0x0)\NVMe(0x1,DF-A2-B0-81-57-38-25-00)\HD(2,GPT,06923995-5745-429E-B3B0-60BD77B546E4,0x64028,0x3A321FE0)\VenMedia(BE74FCF7-0B7C-49F3-9147-01F4042E6842,C09153B680EEB541A9E6BC96F79015BB)
5:886  0:000            apfsFileSystemUUID=B65391C0-EE80-41B5-A9E6-BC96F79015BB, ApfsContainerUUID=230DCDFE-52C3-4B19-95AF-72D31650E01E, ApfsRole=0x1
5:887  0:001            label : Hackintosh
5:887  0:000  - [15]: Volume: PciRoot(0x0)\Pci(0x1D,0x0)\Pci(0x0,0x0)\NVMe(0x1,DF-A2-B0-81-57-38-25-00)\HD(2,GPT,06923995-5745-429E-B3B0-60BD77B546E4,0x64028,0x3A321FE0)\VenMedia(BE74FCF7-0B7C-49F3-9147-01F4042E6842,B5E7AA4D81D8E94189E0AA938D871CE6)
5:887  0:000            apfsFileSystemUUID=4DAAE7B5-D881-41E9-89E0-AA938D871CE6, ApfsContainerUUID=230DCDFE-52C3-4B19-95AF-72D31650E01E, ApfsRole=0xc0
5:888  0:000            label : Update
5:888  0:000  found 2 handles with audio
5:888  0:000  No AudioIoDevice stored
5:888  0:000  no stored audio parameters
5:888  0:000  Found Audio Device AMD (Unknown) (HDMI) at index 0
5:888  0:000  Found Audio Device AMD (Unknown) (HDMI) at index 1
5:888  0:000  Found Audio Device AMD (Unknown) (HDMI) at index 2
5:888  0:000  Found Audio Device AMD (Unknown) (HDMI) at index 3
5:888  0:000  Found Audio Device AMD (Unknown) (HDMI) at index 4
5:888  0:000  Found Audio Device AMD (Unknown) (HDMI) at index 5
5:888  0:000  Found Audio Device Realtek ALC892 (LineOut) at index 6
5:888  0:000  Found Audio Device Realtek ALC892 (LineOut) at index 7
5:888  0:000  Found Audio Device Realtek ALC892 (LineOut) at index 8
5:888  0:000  Found Audio Device Realtek ALC892 (Headphones) at index 9
5:888  0:000  Found Audio Device Realtek ALC892 (SPDIF) at index 10
5:888  0:000  === [ InitXTheme ] ==============================
5:888  0:000  use Daylight theme
5:888  0:000   using embedded theme
5:903  0:015  sound play end with status=Device Error
5:904  0:000  Using embedded font
5:904  0:000  theme inited
5:904  0:000  Chosen embedded theme
5:904  0:000  after NVRAM boot-args=keepsyms=1 dart=0 debug=0x100 -no_compat_check
5:904  0:000  === [ Dump SMC keys from NVRAM ] ================
5:904  0:000  found AppleSMC protocol
5:910  0:005     fakesmc-key-#KEY-ui32:00 00 00 0D 
5:911  0:000     fakesmc-key-$Adr-ui32:00 00 03 00 
5:911  0:000     fakesmc-key-$Num-ui8:01 
5:912  0:000     fakesmc-key-RMde-char:41 
5:913  0:000     fakesmc-key-RPlt-ch8*:6A 31 33 37 00 00 00 00 
5:913  0:000     fakesmc-key-BEMB-flag:00 
5:914  0:000     fakesmc-key-BATP-flag:00 
5:915  0:000     fakesmc-key-BNum-ui8:00 
5:916  0:000     fakesmc-key-MSTc-ui8:00 
5:916  0:000     fakesmc-key-MSAc-ui16:00 00 
5:917  0:000     fakesmc-key-MSWr-ui8:00 
5:918  0:000     fakesmc-key-MSFW-ui8:01 00 
5:918  0:000     fakesmc-key-MSPS-ui16:00 03 
5:925  0:007  Registered 13 SMC keys
5:928  0:002  === [ ScanLoader ] ==============================
5:928  0:000  - [01]: 'EFI'
5:967  0:039  - [02]: 'Driver'
5:968  0:000  - [05]: 'Unknown HD2'
5:968  0:000  - [06]: 'Unknown HD3'
5:968  0:000  - [08]: 'EFI'
5:969  0:001        AddLoaderEntry for Volume Name=EFI, idx=0
5:969  0:000        OSVersion= 
5:969  0:000        IconName=vista,win comma=5 size=9
5:969  0:000        first=os_vista
5:969  0:000        Second=os_win
5:969  0:000        IconName=unknown comma=-1 size=7
5:969  0:000        Full=unknown
5:969  0:000        Loader entry created for 'PciRoot(0x0)\Pci(0x1D,0x0)\Pci(0x0,0x0)\NVMe(0x1,DF-A2-B0-81-57-38-25-00)\HD(1,GPT,2D4AB95A-D40B-48A3-B985-90FDB507D9F0,0x28,0x64000)\EFI\microsoft\Boot\bootmgfw.efi'
5:969  0:000        Menu entry added at index 0
5:971  0:001        AddLoaderEntry for Volume Name=EFI, idx=1
5:971  0:000        OSVersion= 
5:971  0:000        IconName=unknown comma=-1 size=7
5:971  0:000        Full=unknown
5:971  0:000        Loader entry created for 'PciRoot(0x0)\Pci(0x1D,0x0)\Pci(0x0,0x0)\NVMe(0x1,DF-A2-B0-81-57-38-25-00)\HD(1,GPT,2D4AB95A-D40B-48A3-B985-90FDB507D9F0,0x28,0x64000)\EFI\BOOT\BOOTX64.efi'
5:971  0:000        Menu entry added at index 1
5:971  0:000       hiding entry because DiskKind is DISK_KIND_INTERNAL: \EFI\BOOT\BOOTX64.efi
5:971  0:000  - [10]: 'Preboot'
5:971  0:000      ApfsContainerUUID=230DCDFE-52C3-4B19-95AF-72D31650E01E
5:971  0:000      ApfsFileSystemUUID=6C30324E-031B-44A1-9083-E16484E6896B
5:971  0:000      APFSTargetUUID=9A937587-F0AE-41A9-A833-AC862F048712
5:971  0:000        contentDetails name:Hackintosh
5:972  0:000        AddLoaderEntry for Volume Name=Preboot, idx=2
5:972  0:000        OSVersion=11.6 
5:972  0:000      hibernated: set as never
5:972  0:000        IconName=bigsur,mac comma=6 size=10
5:972  0:000        first=os_bigsur
5:972  0:000        Second=os_mac
5:972  0:000        IconName=unknown comma=-1 size=7
5:972  0:000        Full=unknown
5:972  0:000        Loader entry created for 'PciRoot(0x0)\Pci(0x1D,0x0)\Pci(0x0,0x0)\NVMe(0x1,DF-A2-B0-81-57-38-25-00)\HD(2,GPT,06923995-5745-429E-B3B0-60BD77B546E4,0x64028,0x3A321FE0)\VenMedia(BE74FCF7-0B7C-49F3-9147-01F4042E6842,4E32306C1B03A1449083E16484E6896B)\9A937587-F0AE-41A9-A833-AC862F048712\System\Library\CoreServices\boot.efi'
5:973  0:000        Menu entry added at index 2
5:973  0:000      APFSTargetUUID=7A2C604A-61FE-405A-9BFC-9CA6CA824419
5:973  0:000      Dead installer entry found (target volume not found : '7A2C604A-61FE-405A-9BFC-9CA6CA824419')
5:973  0:000      APFSTargetUUID=11E6C9CF-3D45-421A-AAD6-EB33C3793CA2
5:973  0:000        AddLoaderEntry for Volume Name=Preboot, idx=3
5:973  0:000        OSVersion=10.13.6 
5:973  0:000      hibernated: set as never
5:973  0:000        IconName=hsierra,mac comma=7 size=11
5:973  0:000        first=os_hsierra
5:973  0:000        Second=os_mac
5:973  0:000        IconName=unknown comma=-1 size=7
5:973  0:000        Full=unknown
5:974  0:000        Loader entry created for 'PciRoot(0x0)\Pci(0x1D,0x0)\Pci(0x0,0x0)\NVMe(0x1,DF-A2-B0-81-57-38-25-00)\HD(2,GPT,06923995-5745-429E-B3B0-60BD77B546E4,0x64028,0x3A321FE0)\VenMedia(BE74FCF7-0B7C-49F3-9147-01F4042E6842,4E32306C1B03A1449083E16484E6896B)\11E6C9CF-3D45-421A-AAD6-EB33C3793CA2\System\Library\CoreServices\boot.efi'
5:974  0:000        Menu entry added at index 3
5:975  0:000      Dead installer entry found (target volume not found : '11E6C9CF-3D45-421A-AAD6-EB33C3793CA2')
5:975  0:000  - [11]: 'Hackintosh - Data'
5:975  0:000      ApfsContainerUUID=230DCDFE-52C3-4B19-95AF-72D31650E01E
5:975  0:000      ApfsFileSystemUUID=9A937587-F0AE-41A9-A833-AC862F048712
5:976  0:001  - [12]: 'Recovery'
5:976  0:000      ApfsContainerUUID=230DCDFE-52C3-4B19-95AF-72D31650E01E
5:976  0:000      ApfsFileSystemUUID=6E65C5ED-D3A1-4164-8E1C-3327395305D8
5:976  0:000      APFSTargetUUID=9A937587-F0AE-41A9-A833-AC862F048712
5:976  0:000        contentDetails name:Hackintosh
5:977  0:000        AddLoaderEntry for Volume Name=Recovery, idx=4
5:977  0:000        OSVersion=11.6 
5:977  0:000        IconName=bigsur,mac comma=6 size=10
5:977  0:000        first=os_bigsur
5:977  0:000        Second=os_mac
5:977  0:000        IconName=unknown comma=-1 size=7
5:977  0:000        Full=unknown
5:977  0:000        Loader entry created for 'PciRoot(0x0)\Pci(0x1D,0x0)\Pci(0x0,0x0)\NVMe(0x1,DF-A2-B0-81-57-38-25-00)\HD(2,GPT,06923995-5745-429E-B3B0-60BD77B546E4,0x64028,0x3A321FE0)\VenMedia(BE74FCF7-0B7C-49F3-9147-01F4042E6842,EDC5656EA1D364418E1C3327395305D8)\9A937587-F0AE-41A9-A833-AC862F048712\BaseSystem.dmg'
5:977  0:000       hiding entry because volume is hidden: \9A937587-F0AE-41A9-A833-AC862F048712\BaseSystem.dmg
5:978  0:000        Menu entry added at index 4
5:978  0:000      APFSTargetUUID=7A2C604A-61FE-405A-9BFC-9CA6CA824419
5:978  0:000      APFSTargetUUID=11E6C9CF-3D45-421A-AAD6-EB33C3793CA2
5:978  0:000        AddLoaderEntry for Volume Name=Recovery, idx=5
5:978  0:000        OSVersion=10.13.6 
5:978  0:000        IconName=hsierra,mac comma=7 size=11
5:978  0:000        first=os_hsierra
5:978  0:000        Second=os_mac
5:978  0:000        IconName=unknown comma=-1 size=7
5:978  0:000        Full=unknown
5:978  0:000        Loader entry created for 'PciRoot(0x0)\Pci(0x1D,0x0)\Pci(0x0,0x0)\NVMe(0x1,DF-A2-B0-81-57-38-25-00)\HD(2,GPT,06923995-5745-429E-B3B0-60BD77B546E4,0x64028,0x3A321FE0)\VenMedia(BE74FCF7-0B7C-49F3-9147-01F4042E6842,EDC5656EA1D364418E1C3327395305D8)\11E6C9CF-3D45-421A-AAD6-EB33C3793CA2\boot.efi'
5:978  0:000       hiding entry because volume is hidden: \11E6C9CF-3D45-421A-AAD6-EB33C3793CA2\boot.efi
5:979  0:000        Menu entry added at index 5
5:979  0:000  - [13]: 'VM'
5:979  0:000      ApfsContainerUUID=230DCDFE-52C3-4B19-95AF-72D31650E01E
5:979  0:000      ApfsFileSystemUUID=DB01B6F0-3ABD-40D1-9C2A-77ED396AD250
5:979  0:000  - [14]: 'Hackintosh'
5:979  0:000      ApfsContainerUUID=230DCDFE-52C3-4B19-95AF-72D31650E01E
5:979  0:000      ApfsFileSystemUUID=B65391C0-EE80-41B5-A9E6-BC96F79015BB
5:983  0:004  - [15]: 'Update'
5:983  0:000      ApfsContainerUUID=230DCDFE-52C3-4B19-95AF-72D31650E01E
5:983  0:000      ApfsFileSystemUUID=4DAAE7B5-D881-41E9-89E0-AA938D871CE6
5:983  0:000  Entries list before ordering
5:983  0:000      Entry 0 : Boot Microsoft EFI Boot from EFI
5:983  0:000      Entry 1 : Boot UEFI internal from EFI (hidden)
5:983  0:000      Entry 2 : Boot Mac OS from Hackintosh via Preboot
5:983  0:000      Entry 3 : Boot Mac OS via Preboot
5:983  0:000      Entry 4 : Boot Mac OS Recovery for Hackintosh via Recovery (hidden)
5:983  0:000      Entry 5 : Boot Mac OS Recovery via Recovery (hidden)
5:983  0:000  Move recovery entry 4 after preboot 2
5:983  0:000  Entries after before ordering
5:983  0:000    Entry 0 : Boot Microsoft EFI Boot from EFI
5:983  0:000    Entry 1 : Boot UEFI internal from EFI (hidden)
5:983  0:000    Entry 2 : Boot Mac OS from Hackintosh via Preboot
5:983  0:000    Entry 3 : Boot Mac OS Recovery for Hackintosh via Recovery (hidden)
5:983  0:000    Entry 4 : Boot Mac OS via Preboot
5:983  0:000    Entry 5 : Boot Mac OS Recovery via Recovery (hidden)
5:983  0:000  Scanning legacy ...
5:983  0:000   hidden
5:983  0:000      AddLegacyEntry:
5:983  0:000        FullTitle=
5:983  0:000        LoaderTitle=
5:983  0:000        Volume->LegacyOS->Name=Windows
5:983  0:000        Entry->Title=Boot Windows from Unknown HD2
5:983  0:000        IconName=vista,win comma=5 size=9
5:983  0:000        first=os_vista
5:983  0:000        Second=os_win
5:983  0:000        IconName=unknown comma=-1 size=7
5:983  0:000        Full=unknown
5:984  0:000      AddLegacyEntry:
5:984  0:000        FullTitle=
5:984  0:000        LoaderTitle=
5:984  0:000        Volume->LegacyOS->Name=Windows
5:984  0:000        Entry->Title=Boot Windows from Unknown HD3
5:984  0:000        IconName=vista,win comma=5 size=9
5:984  0:000        first=os_vista
5:984  0:000        Second=os_win
5:984  0:000        IconName=unknown comma=-1 size=7
5:984  0:000        Full=unknown
5:984  0:000  === [ AddCustomTool ] ===========================
5:986  0:001  === [ GetEfiBootDeviceFromNvram ] ===============
5:986  0:000  Got efi-boot-device-data size=276
5:986  0:000   - efi-boot-device-data: PciRoot(0x0)\Pci(0x1D,0x0)\Pci(0x0,0x0)\NVMe(0x1,DF-A2-B0-81-57-38-25-00)\HD(2,GPT,06923995-5745-429E-B3B0-60BD77B546E4,0x64028,0x3A321FE0)\VenMedia(BE74FCF7-0B7C-49F3-9147-01F4042E6842,4E32306C1B03A1449083E16484E6896B)\9A937587-F0AE-41A9-A833-AC862F048712\System\Library\CoreServices\boot.efi
5:986  0:000    - Volume: 'PciRoot(0x0)\Pci(0x1D,0x0)\Pci(0x0,0x0)\NVMe(0x1,DF-A2-B0-81-57-38-25-00)\HD(2,GPT,06923995-5745-429E-B3B0-60BD77B546E4,0x64028,0x3A321FE0)\VenMedia(BE74FCF7-0B7C-49F3-9147-01F4042E6842,4E32306C1B03A1449083E16484E6896B)'
5:986  0:000    - LoaderPath: '\9A937587-F0AE-41A9-A833-AC862F048712\System\Library\CoreServices\boot.efi'
5:986  0:000    - Guid = 06923995-5745-429E-B3B0-60BD77B546E4
5:986  0:000  === [ FindStartupDiskVolume ] ===================
5:986  0:000    - Volume: partition = PciRoot(0x0)\Pci(0x1D,0x0)\Pci(0x0,0x0)\NVMe(0x1,DF-A2-B0-81-57-38-25-00)\HD(2,GPT,06923995-5745-429E-B3B0-60BD77B546E4,0x64028,0x3A321FE0)\VenMedia(BE74FCF7-0B7C-49F3-9147-01F4042E6842,4E32306C1B03A1449083E16484E6896B)
5:986  0:000     - searching for that partition and loader '\9A937587-F0AE-41A9-A833-AC862F048712\System\Library\CoreServices\boot.efi'
5:986  0:000    checking 'PciRoot(0x0)/Pci(0x1D,0x0)/Pci(0x0,0x0)/NVMe(0x1,DF-A2-B0-81-57-38-25-00)/HD(2,GPT,06923995-5745-429E-B3B0-60BD77B546E4,0x64028,0x3A321FE0)/VenMedia(BE74FCF7-0B7C-49F3-9147-01F4042E6842,4E32306C1B03A1449083E16484E6896B)'
5:986  0:000     '\9A937587-F0AE-41A9-A833-AC862F048712\System\Library\CoreServices\boot.efi'
5:986  0:000      - found entry 1. 'Boot Mac OS from Hackintosh via Preboot', Volume 'Preboot', '\9A937587-F0AE-41A9-A833-AC862F048712\System\Library\CoreServices\boot.efi'
5:986  0:000  Boot redirected to Entry 1. 'Boot Mac OS from Hackintosh via Preboot'
5:986  0:000  BannerPlace at Clear Screen [1856,764]
6:012  0:025  AnimeRun=0
6:035  0:022  GUI ready
12:054  6:018  === [ StartLoader ] =============================
12:054  0:000  Starting PciRoot(0x0)\Pci(0x1D,0x0)\Pci(0x0,0x0)\NVMe(0x1,DF-A2-B0-81-57-38-25-00)\HD(2,GPT,06923995-5745-429E-B3B0-60BD77B546E4,0x64028,0x3A321FE0)\VenMedia(BE74FCF7-0B7C-49F3-9147-01F4042E6842,4E32306C1B03A1449083E16484E6896B)\9A937587-F0AE-41A9-A833-AC862F048712\System\Library\CoreServices\boot.efi
12:054  0:000  Finally: ExternalClock=25MHz BusSpeed=99906kHz CPUFreq=3697MHz PIS: hw.busfrequency=100000000Hz
12:054  0:000  Beginning OC
12:054  0:000  OCST: Missing vault data, ignoring...
12:054  0:000  config-oc.plist isn't used at all
12:054  0:000  AddKextsInArray from Other
12:054  0:000  ->Extra kext: Other\Lilu.kext (v.1.5.6)
12:054  0:000  ->Extra kext: Other\FakeSMC_SMMSensors.kext (v.1800)
12:054  0:000  ->Extra kext: Other\AppleALC.kext (v.1.6.5)
12:054  0:000  ->Extra kext: Other\AtherosE2200Ethernet.kext (v.2.2.2)
12:054  0:000  ->Extra kext: Other\CodecCommander.kext (v.2.7.1)
12:054  0:000  ->Extra kext: Other\FakeSMC_LPCSensors.kext (v.1800)
12:054  0:000  ->Extra kext: Other\IntelMausiEthernet.kext (v.2.4.0)
12:054  0:000  ->Extra kext: Other\WhateverGreen.kext (v.1.5.4)
12:054  0:000  ->Extra kext: Other\RealtekRTL8111.kext (v.2.2.2)
12:054  0:000  ->Extra kext: Other\USBInjectAll.kext (v.0.7.1)
12:054  0:000  ->Extra kext: Other\FakeSMC_ACPISensors.kext (v.1800)
12:054  0:000  ->Extra kext: Other\FakeSMC_GPUSensors.kext (v.1800)
12:054  0:000  ->Extra kext: Other\FakeSMC_CPUSensors.kext (v.1800)
12:054  0:000  ->Extra kext: Other\EFICheckDisabler.kext (v.0.5)
12:054  0:000  ->Extra kext: Other\VoodooPS2Controller.kext (v.1.9.2)
12:054  0:000      |-- PlugIn kext: Other\VoodooPS2Controller.kext\Contents\PlugIns\VoodooPS2Trackpad.kext (v.1.9.2)
12:054  0:000      |-- PlugIn kext: Other\VoodooPS2Controller.kext\Contents\PlugIns\VoodooPS2Keyboard.kext (v.1.9.2)
12:054  0:000      |-- PlugIn kext: Other\VoodooPS2Controller.kext\Contents\PlugIns\VoodooPS2Mouse.kext (v.1.9.2)
12:054  0:000  ->Extra kext: Other\FakeSMC.kext (v.1800)
12:054  0:000  GetOtherKextsDir(false) return NULL
12:054  0:000  AddKextsInArray from 11
12:054  0:000  AddKextsInArray from 11_normal
12:054  0:000  AddKextsInArray from 11.6
12:054  0:000  AddKextsInArray from 11.6_normal
12:054  0:000  AddKextsInArray from 11.6.0
12:054  0:000  AddKextsInArray from 11.6.0_normal
12:054  0:000  Bridge kext to OC : Path=Lilu.kext
12:054  0:000  info plist path: Kexts\Other\Lilu.kext\Contents\Info.plist
12:055  0:000  assign executable as 'Contents\MacOS\Lilu'
12:055  0:000  Bridge kext to OC : Path=WhateverGreen.kext
12:055  0:000  info plist path: Kexts\Other\WhateverGreen.kext\Contents\Info.plist
12:056  0:000  assign executable as 'Contents\MacOS\WhateverGreen'
12:056  0:000  Bridge kext to OC : Path=AppleALC.kext
12:056  0:000  info plist path: Kexts\Other\AppleALC.kext\Contents\Info.plist
12:071  0:014  assign executable as 'Contents\MacOS\AppleALC'
12:071  0:000  Bridge kext to OC : Path=FakeSMC_SMMSensors.kext
12:071  0:000  info plist path: Kexts\Other\FakeSMC_SMMSensors.kext\Contents\Info.plist
12:072  0:000  assign executable as 'Contents\MacOS\SMMSensors'
12:072  0:000  Bridge kext to OC : Path=AtherosE2200Ethernet.kext
12:072  0:000  info plist path: Kexts\Other\AtherosE2200Ethernet.kext\Contents\Info.plist
12:072  0:000  assign executable as 'Contents\MacOS\AtherosE2200Ethernet'
12:072  0:000  Bridge kext to OC : Path=CodecCommander.kext
12:073  0:000  info plist path: Kexts\Other\CodecCommander.kext\Contents\Info.plist
12:073  0:000  assign executable as 'Contents\MacOS\CodecCommander'
12:073  0:000  Bridge kext to OC : Path=FakeSMC_LPCSensors.kext
12:073  0:000  info plist path: Kexts\Other\FakeSMC_LPCSensors.kext\Contents\Info.plist
12:076  0:002  assign executable as 'Contents\MacOS\LPCSensors'
12:076  0:000  Bridge kext to OC : Path=IntelMausiEthernet.kext
12:076  0:000  info plist path: Kexts\Other\IntelMausiEthernet.kext\Contents\Info.plist
12:077  0:000  assign executable as 'Contents\MacOS\IntelMausiEthernet'
12:077  0:000  Bridge kext to OC : Path=RealtekRTL8111.kext
12:077  0:000  info plist path: Kexts\Other\RealtekRTL8111.kext\Contents\Info.plist
12:077  0:000  assign executable as 'Contents\MacOS\RealtekRTL8111'
12:077  0:000  Bridge kext to OC : Path=USBInjectAll.kext
12:077  0:000  info plist path: Kexts\Other\USBInjectAll.kext\Contents\Info.plist
12:080  0:002  assign executable as 'Contents\MacOS\USBInjectAll'
12:080  0:000  Bridge kext to OC : Path=FakeSMC_ACPISensors.kext
12:080  0:000  info plist path: Kexts\Other\FakeSMC_ACPISensors.kext\Contents\Info.plist
12:081  0:000  assign executable as 'Contents\MacOS\ACPISensors'
12:081  0:000  Bridge kext to OC : Path=FakeSMC_GPUSensors.kext
12:081  0:000  info plist path: Kexts\Other\FakeSMC_GPUSensors.kext\Contents\Info.plist
12:081  0:000  assign executable as 'Contents\MacOS\GPUSensors'
12:081  0:000  Bridge kext to OC : Path=FakeSMC_CPUSensors.kext
12:082  0:000  info plist path: Kexts\Other\FakeSMC_CPUSensors.kext\Contents\Info.plist
12:082  0:000  assign executable as 'Contents\MacOS\CPUSensors'
12:082  0:000  Bridge kext to OC : Path=EFICheckDisabler.kext
12:082  0:000  info plist path: Kexts\Other\EFICheckDisabler.kext\Contents\Info.plist
12:083  0:000  Bridge kext to OC : Path=VoodooPS2Controller.kext
12:083  0:000  info plist path: Kexts\Other\VoodooPS2Controller.kext\Contents\Info.plist
12:083  0:000  assign executable as 'Contents\MacOS\VoodooPS2Controller'
12:083  0:000  Bridge kext to OC : Path=VoodooPS2Trackpad.kext
12:084  0:000  info plist path: Kexts\Other\VoodooPS2Controller.kext\Contents\PlugIns\VoodooPS2Trackpad.kext\Contents\Info.plist
12:084  0:000  assign executable as 'Contents\MacOS\VoodooPS2Trackpad'
12:084  0:000  Bridge kext to OC : Path=VoodooPS2Keyboard.kext
12:084  0:000  info plist path: Kexts\Other\VoodooPS2Controller.kext\Contents\PlugIns\VoodooPS2Keyboard.kext\Contents\Info.plist
12:085  0:001  assign executable as 'Contents\MacOS\VoodooPS2Keyboard'
12:085  0:000  Bridge kext to OC : Path=VoodooPS2Mouse.kext
12:086  0:000  info plist path: Kexts\Other\VoodooPS2Controller.kext\Contents\PlugIns\VoodooPS2Mouse.kext\Contents\Info.plist
12:086  0:000  assign executable as 'Contents\MacOS\VoodooPS2Mouse'
12:086  0:000  Bridge kext to OC : Path=FakeSMC.kext
12:086  0:000  info plist path: Kexts\Other\FakeSMC.kext\Contents\Info.plist
12:087  0:000  assign executable as 'Contents\MacOS\FakeSMC'
12:088  0:001  Start 'OpenRuntime.efi' : Status Success
12:088  0:000  OC: OcMiscEarlyInit...
12:088  0:000  OC: OpenCore DBG-073-2021-09-29 is loading in Optional mode (0/0)...
12:088  0:000  OC: OcLoadNvramSupport...
12:088  0:000  OC: Current version is DBG-073-2021-09-29
12:088  0:000  OC: OcMiscMiddleInit...
12:088  0:000  OC: StorageHandle 0 with  LauncherOption pointing to 
12:089  0:000  OC: OcLoadUefiSupport...
12:089  0:000  OC: Invalid AppleInput AppleEvent setting , using Auto
12:089  0:000  OcAppleEventInstallProtocol
12:089  0:000  OCAE: Illegal PointerSpeedDiv value 0, using 1
12:089  0:000  InternalCreateQueueEvent
12:089  0:000  EventCreateSimplePointerInstallNotifyEvent
12:089  0:000  InternalSimplePointerInstallNotifyFunction
12:089  0:000  InternalRegisterSimplePointerInterface
12:089  0:000  InternalRegisterSimplePointerInterface
12:089  0:000  InternalRegisterSimplePointerInterface
12:089  0:000  OCAE: Builtin installed
12:089  0:000  OcOSInfoInstallProtocol
12:089  0:000  OCRTC: OcAppleRtcRamInstallProtocol
12:089  0:000  OCRTC: Wake log is 0x00 0x00   0 0x00
12:089  0:000  OcAppleFbInfoInstallProtocol
12:089  0:000  OcAppleFbInfoInstallProtocol
12:089  0:000  OC: Loading Apple Secure Boot with Disabled (level 0)
12:089  0:000  OCABC: ALRBL 0 RTDFRG 1 DEVMMIO 1 NOSU 0 NOVRWR 0 NOSB 0 FBSIG 0 NOHBMAP 0 SMSLIDE 1 WRUNPROT 1
12:089  0:000  OCABC: FEXITBS 0 PRMRG 0 CSLIDE 0 MSLIDE 0 PRSRV 0 RBMAP 1 VMAP 0 APPLOS 0 RTPERMS 1
12:089  0:000  OCABC: Got rendezvous with OpenRuntime r12
12:089  0:000  OCABC: MAT support is 1
12:089  0:000  OC: RequestBootVarRouting 0
12:090  0:000  OC: Got 0 drivers
12:090  0:000  OCC: Installing GOP (Unsupported) on ConsoleOutHandle...
12:090  0:000  OC: Requested resolution is 0x0@0 (max: 0, force: 0) from 
12:090  0:000  OCC: Using builtin text renderer with 1 scale
12:101  0:011  OCC: Install console control (7A605460/0/0), current - Success
12:101  0:000  OCC: Setup ASCII Output - Success
12:101  0:000  OC: Requested console mode is 0x0 (max: 0) from 
12:101  0:000  OC: Requested not to use audio
12:101  0:000  OC: OcLoadAcpiSupport...
12:101  0:000  OC: OcLoadAcpiSupport : nothing to do
12:101  0:000  OC: OcMiscLateInit...
12:101  0:000  OC: Invalid HibernateMode: 
12:101  0:000  OC: Translated HibernateMode  to 0
12:101  0:000  OC: Hibernation activation - Invalid Parameter, hibernation wake - no
12:101  0:000  OC: OcLoadKernelSupport...
12:101  0:000  OC: All green, starting boot management...
12:103  0:001  OCB: Arch filtering 875F7018(739896)->875F7018(739896) caps 4 - Success
12:103  0:000  ImageHandle = 87977918
12:115  0:012  GetOSVersion: 11.6 (20G165)
12:115  0:000  Filtering KextPatches:
12:115  0:000   - [00]: com.apple.driver.AppleAHCIPort (External icons patch) :: BinPatch :: [OS: 11.6 | MatchOS: 10.11.x,10.12.x,10.13.x,10.14.x | MatchBuild: All] ==> not allowed
12:115  0:000   - [01]: com.apple.driver.AppleMikeyDriver (Patch Assertions) :: BinPatch :: [OS: 11.6 | MatchOS: 10.11.x,10.12.x,10.13.x,10.14.x | MatchBuild: All] ==> not allowed
12:115  0:000   - [02]: com.apple.driver.usb.AppleUSBXHCIPCI (Change 15 port limit) :: BinPatch :: [OS: 11.6 | MatchOS: 10.12.x | MatchBuild: All] ==> not allowed
12:115  0:000   - [03]: com.apple.driver.usb.AppleUSBXHCIPCI (Change 15 port limit) :: BinPatch :: [OS: 11.6 | MatchOS: 10.11.x | MatchBuild: All] ==> not allowed
12:116  0:000   - [04]: com.apple.driver.AppleGraphicsDevicePolicy (Prevent AGDP from loading) :: BinPatch :: [OS: 11.6 | MatchOS: 10.11.x,10.12.x,10.13.x,10.14.x | MatchBuild: All] ==> not allowed
12:116  0:000   - [05]: com.apple.driver.usb.AppleUSBXHCI (USB 10.13.4+ by PMHeart) :: BinPatch :: [OS: 11.6 | MatchOS: 10.13.4,10.13.5 | MatchBuild: All] ==> not allowed
12:116  0:000   - [06]: com.apple.driver.usb.AppleUSBXHCI (USB 10.13.6 by PMHeart) :: BinPatch :: [OS: 11.6 | MatchOS: 10.13.6 | MatchBuild: All] ==> not allowed
12:116  0:000   - [07]: com.apple.driver.usb.AppleUSBXHCIPCI (Change 15 port limit) :: BinPatch :: [OS: 11.6 | MatchOS: 10.13.0,10.13.1,10.13.2,10.13.3 | MatchBuild: All] ==> not allowed
12:116  0:000  Will not patch boot.efi
12:116  0:000  === [ PatchSmbios ] =============================
12:116  0:000  UpdateSmbiosString : BiosVersion=EfiVersion=1715.0.57.0.0
12:116  0:000  UpdateSmbiosString : ReleaseDate=07/05/2021
12:116  0:000  void PatchTableType1(const SmbiosInjectedSettings&) : UpdateSmbiosString ProductName=iMacPro1,1
12:116  0:000  void PatchTableType2(const SmbiosInjectedSettings&) : UpdateSmbiosString ProductName=BoardNumber=Mac-7BA5B2D9E42DDD94
12:116  0:000  void PatchTableType2(const SmbiosInjectedSettings&) : UpdateSmbiosString Version=BoardVersion=iMacPro1,1
12:116  0:000  insert table 9 for dev 0:0
12:116  0:000  insert table 9 for dev 0:1
12:116  0:000  insert table 9 for dev 1F:6
12:116  0:000  insert table 9 for dev 0:0
12:116  0:000  Table 11 present, but rewritten for us
12:117  0:001  Channels: 2
12:117  0:000  Interleave: 0 2 1 3 4 6 5 7 8 10 9 11 12 14 13 15 16 18 17 19 20 22 21 23
12:117  0:000  SMBIOS Type 17 Index = 0 => 0 0:
12:117  0:000  BANK 0 DIMM0 EMPTY
12:117  0:000  SMBIOS Type 17 Index = 1 => 2 2:
12:117  0:000  BANK 1 DIMM0 EMPTY
12:117  0:000  SPD data in use:
12:117  0:000  SmbiosTable.Type17->Vendor = Corsair
12:117  0:000  SmbiosTable.Type17->SerialNumber = 00000000
12:117  0:000  SmbiosTable.Type17->PartNumber = CM4X16GC3200C16K2E
12:117  0:000  SMBIOS Type 17 Index = 2 => 1 1:
12:117  0:000  BANK 0 DIMM1 3200MHz 16384MB(Ext:0MB)
12:117  0:000  SPD data in use:
12:117  0:000  SmbiosTable.Type17->Vendor = Corsair
12:117  0:000  SmbiosTable.Type17->SerialNumber = 00000000
12:117  0:000  SmbiosTable.Type17->PartNumber = CM4X16GC3200C16K2E
12:117  0:000  SMBIOS Type 17 Index = 3 => 3 3:
12:117  0:000  BANK 1 DIMM1 3200MHz 16384MB(Ext:0MB)
12:117  0:000  mTotalSystemMemory = 32768
12:117  0:000  NumberOfMemoryDevices = 4
12:117  0:000  Type20[0]->End = 0xFFFFFF, Type17[2] = 4000
12:117  0:000  Type20[1]->End = 0x1FFFFFF, Type17[3] = C000
12:117  0:000  Table 131 is present, CPUType=35
12:117  0:000  Change to: 705
12:117  0:000  === [ PatchACPI ] ===============================
12:117  0:000  OCABC: AllocPages 1 0x8DEFE000 (1) - Success
12:117  0:000  Xsdt reallocation done
12:117  0:000  OCABC: AllocPages 1 0x8DEFD000 (1) - Success
12:117  0:000  old FADT length=114
12:117  0:000   SignatureFixup: 0xECE1CD05 -> 0x0
12:117  0:000  OCABC: AllocPages 1 0x8DECC000 (49) - Success
12:118  0:000  Apply DsdtFixMask=0x40460054
12:118  0:000  === [ FixBiosDsdt ] =============================
12:118  0:000  Patching DSDT:
12:118  0:000   - [HDAS to HDEF]: pattern 48444153, patched at: [ (2DA) ]
12:118  0:000   - [SAT0 to SATA]: pattern 53415430, patched at: [ (313) ]
12:118  0:000   - [GLAN to GIGE]: pattern 474C414E, patched at: [ (B966) ]
12:118  0:000   - [change _OSI to XOSI]: pattern 5F4F5349, patched at: [ (A6E3) ]
12:119  0:000   - [change EHC1 to EH01]: pattern 45484331, bin not found / already patched!
12:119  0:000   - [change EHC2 to EH02]: pattern 45484332, bin not found / already patched!
12:119  0:000   - [change XHC1 to XHC]: pattern 58484331, bin not found / already patched!
12:120  0:001  found RTC Length not match, Maybe will cause CMOS reset, will patch it.
12:120  0:000  found RTC had IRQNoFlag will move -3 bytes
12:122  0:001  found PIC had IRQNoFlag will move -3 bytes
12:123  0:000  Start HPET Fix
12:124  0:001   deleting device CRT_
12:127  0:003   deleting device DVI_
12:130  0:003   deleting device SPKR
12:133  0:003   deleting device ECP_
12:136  0:003   deleting device LPT_
12:140  0:003   deleting device FDC0
12:143  0:003   deleting device ECP1
12:146  0:003   deleting device LPT1
12:149  0:003  Start Mutex Fix
12:149  0:000  Fixing Mutex(WMIX, 1)
12:149  0:000  Fixing Mutex(MSMI, 7)
12:149  0:000  PreCleanup XSDT: count=24, length=228
12:149  0:000  PreCleanup XSDT, corrected XSDT: count=24, length=228
12:149  0:000  === [ ACPIPatchedAML ] ==========================
12:149  0:000  AutoMerge pass 1
12:149  0:000  Unsorted
12:149  0:000  Inserting SSDT-UIAC.aml from \EFI\CLOVER\ACPI\patched: ignore on pass 1
12:149  0:000  === [ ACPIDropTables ] ==========================
12:149  0:000  OCABC: AllocPages 1 0x8DECA000 (2) - Success
12:149  0:000  OCABC: AllocPages 1 0x8DECA000 (2) - Success
12:149  0:000  OCABC: AllocPages 1 0x8DECA000 (2) - Success
12:149  0:000  OCABC: AllocPages 1 0x8DECA000 (2) - Success
12:149  0:000  OCABC: AllocPages 1 0x8DEC8000 (2) - Success
12:149  0:000  Patching SSDTs: 7 patches each
12:149  0:000   pattern 48444153, bin not found / already patched!
12:149  0:000   pattern 53415430, patched at: [ (27) ]
12:149  0:000   pattern 474C414E, bin not found / already patched!
12:149  0:000   pattern 5F4F5349, bin not found / already patched!
12:149  0:000   pattern 45484331, bin not found / already patched!
12:149  0:000   pattern 45484332, bin not found / already patched!
12:149  0:000   pattern 58484331, bin not found / already patched!
12:149  0:000  OCABC: AllocPages 1 0x8DEC3000 (5) - Success
12:149  0:000  Patching SSDTs: 7 patches each
12:149  0:000   pattern 48444153, bin not found / already patched!
12:149  0:000   pattern 53415430, bin not found / already patched!
12:149  0:000   pattern 474C414E, bin not found / already patched!
12:149  0:000   pattern 5F4F5349, bin not found / already patched!
12:149  0:000   pattern 45484331, bin not found / already patched!
12:149  0:000   pattern 45484332, bin not found / already patched!
12:149  0:000   pattern 58484331, bin not found / already patched!
12:149  0:000  Found OperationRegion(SANV, SystemMemory, 8E32E418, ...)
12:149  0:000  OCABC: AllocPages 1 0x8DEBF000 (4) - Success
12:149  0:000  Patching SSDTs: 7 patches each
12:149  0:000   pattern 48444153, bin not found / already patched!
12:149  0:000   pattern 53415430, bin not found / already patched!
12:149  0:000   pattern 474C414E, bin not found / already patched!
12:149  0:000   pattern 5F4F5349, bin not found / already patched!
12:149  0:000   pattern 45484331, bin not found / already patched!
12:149  0:000   pattern 45484332, bin not found / already patched!
12:149  0:000   pattern 58484331, bin not found / already patched!
12:150  0:000  OCABC: AllocPages 1 0x8DEBD000 (2) - Success
12:150  0:000  OCABC: AllocPages 1 0x8DEBC000 (3) - Success
12:150  0:000  Patching SSDTs: 7 patches each
12:150  0:000   pattern 48444153, bin not found / already patched!
12:150  0:000   pattern 53415430, bin not found / already patched!
12:150  0:000   pattern 474C414E, bin not found / already patched!
12:150  0:000   pattern 5F4F5349, bin not found / already patched!
12:150  0:000   pattern 45484331, bin not found / already patched!
12:150  0:000   pattern 45484332, bin not found / already patched!
12:150  0:000   pattern 58484331, bin not found / already patched!
12:150  0:000  OCABC: AllocPages 1 0x8DEBA000 (2) - Success
12:150  0:000  Patching SSDTs: 7 patches each
12:150  0:000   pattern 48444153, bin not found / already patched!
12:150  0:000   pattern 53415430, bin not found / already patched!
12:150  0:000   pattern 474C414E, bin not found / already patched!
12:150  0:000   pattern 5F4F5349, bin not found / already patched!
12:150  0:000   pattern 45484331, bin not found / already patched!
12:150  0:000   pattern 45484332, bin not found / already patched!
12:150  0:000   pattern 58484331, bin not found / already patched!
12:150  0:000  OCABC: AllocPages 1 0x8DEB8000 (2) - Success
12:150  0:000  OCABC: AllocPages 1 0x8DEB7000 (3) - Success
12:150  0:000  Patching SSDTs: 7 patches each
12:150  0:000   pattern 48444153, bin not found / already patched!
12:150  0:000   pattern 53415430, bin not found / already patched!
12:150  0:000   pattern 474C414E, bin not found / already patched!
12:150  0:000   pattern 5F4F5349, bin not found / already patched!
12:150  0:000   pattern 45484331, bin not found / already patched!
12:150  0:000   pattern 45484332, bin not found / already patched!
12:150  0:000   pattern 58484331, bin not found / already patched!
12:150  0:000  Found OperationRegion(PNVS, SystemMemory, 7A9DC000, ...)
12:150  0:000  OCABC: AllocPages 1 0x8DEB5000 (2) - Success
12:150  0:000  OCABC: AllocPages 1 0x8DEB5000 (2) - Success
12:150  0:000  Patching SSDTs: 7 patches each
12:150  0:000   pattern 48444153, patched at: [ (20) ]
12:150  0:000   pattern 53415430, bin not found / already patched!
12:150  0:000   pattern 474C414E, bin not found / already patched!
12:150  0:000   pattern 5F4F5349, bin not found / already patched!
12:150  0:000   pattern 45484331, bin not found / already patched!
12:150  0:000   pattern 45484332, bin not found / already patched!
12:150  0:000   pattern 58484331, bin not found / already patched!
12:150  0:000  OCABC: AllocPages 1 0x8DEB3000 (2) - Success
12:150  0:000  Patching SSDTs: 7 patches each
12:150  0:000   pattern 48444153, bin not found / already patched!
12:150  0:000   pattern 53415430, bin not found / already patched!
12:150  0:000   pattern 474C414E, bin not found / already patched!
12:150  0:000   pattern 5F4F5349, bin not found / already patched!
12:150  0:000   pattern 45484331, bin not found / already patched!
12:150  0:000   pattern 45484332, bin not found / already patched!
12:150  0:000   pattern 58484331, bin not found / already patched!
12:150  0:000  OCABC: AllocPages 1 0x8DEAE000 (5) - Success
12:150  0:000  Patching SSDTs: 7 patches each
12:150  0:000   pattern 48444153, bin not found / already patched!
12:150  0:000   pattern 53415430, bin not found / already patched!
12:150  0:000   pattern 474C414E, bin not found / already patched!
12:150  0:000   pattern 5F4F5349, bin not found / already patched!
12:150  0:000   pattern 45484331, bin not found / already patched!
12:150  0:000   pattern 45484332, bin not found / already patched!
12:150  0:000   pattern 58484331, bin not found / already patched!
12:150  0:000  OCABC: AllocPages 1 0x8DEAC000 (2) - Success
12:150  0:000  Patching SSDTs: 7 patches each
12:150  0:000   pattern 48444153, bin not found / already patched!
12:150  0:000   pattern 53415430, bin not found / already patched!
12:150  0:000   pattern 474C414E, bin not found / already patched!
12:150  0:000   pattern 5F4F5349, bin not found / already patched!
12:150  0:000   pattern 45484331, bin not found / already patched!
12:150  0:000   pattern 45484332, bin not found / already patched!
12:150  0:000   pattern 58484331, bin not found / already patched!
12:150  0:000  OCABC: AllocPages 1 0x8DEAA000 (2) - Success
12:150  0:000  Patching SSDTs: 7 patches each
12:150  0:000   pattern 48444153, bin not found / already patched!
12:150  0:000   pattern 53415430, bin not found / already patched!
12:150  0:000   pattern 474C414E, bin not found / already patched!
12:150  0:000   pattern 5F4F5349, bin not found / already patched!
12:150  0:000   pattern 45484331, bin not found / already patched!
12:150  0:000   pattern 45484332, bin not found / already patched!
12:150  0:000   pattern 58484331, bin not found / already patched!
12:150  0:000  OCABC: AllocPages 1 0x8DEA8000 (2) - Success
12:150  0:000  OCABC: AllocPages 1 0x8DEA8000 (2) - Success
12:150  0:000  OCABC: AllocPages 1 0x8DE99000 (17) - Success
12:150  0:000  OCABC: AllocPages 1 0x8DEA8000 (2) - Success
12:150  0:000  OCABC: AllocPages 1 0x8DEA8000 (2) - Success
12:150  0:000  === [ ACPIPatchedAML ] ==========================
12:150  0:000  AutoMerge pass 2
12:150  0:000  Unsorted
12:150  0:000  Inserting SSDT-UIAC.aml from \EFI\CLOVER\ACPI\patched: size=697 OCABC: AllocPages 1 0x8DEA9000 (1) - Success
... Success
12:150  0:000  ApicCPUNum=1
12:150  0:000  Maximum control=0x25
12:150  0:000  Turbo control=0x2F
12:150  0:000  P-States: min 0x8, max 0x2F
12:150  0:000  SSDT with plugin-type without P-States is generated
12:150  0:000  OCABC: AllocPages 1 0x8DEA8000 (1) - Success
12:150  0:000  Cleanup XSDT: count=26, length=244
12:150  0:000  corrected XSDT count=26, length=244
12:150  0:000  === [ RestSetup macOS ] =========================
12:150  0:000  EdidDiscovered size=128
12:150  0:000  --- Discovered EDID Table size:128
12:150  0:000  000  |  00  FF  FF  FF  FF  FF  FF  00  41  0C
12:150  0:000  010  |  02  09  71  00  00  00  2D  1C  01  04
12:150  0:000  020  |  B5  3C  22  78  3A  28  95  A7  55  4E
12:150  0:000  030  |  A3  26  0F  50  54  BD  4B  00  D1  C0
12:150  0:000  040  |  81  80  81  40  95  0F  95  00  B3  00
12:150  0:000  050  |  81  C0  01  01  4D  D0  00  A0  F0  70
12:150  0:000  060  |  3E  80  30  20  35  00  55  50  21  00
12:150  0:000  070  |  00  1A  A3  66  00  A0  F0  70  1F  80
12:150  0:000  080  |  30  20  35  00  55  50  21  00  00  1A
12:150  0:000  090  |  00  00  00  FC  00  50  48  4C  20  32
12:150  0:000  100  |  37  32  50  37  56  0A  20  20  00  00
12:150  0:000  110  |  00  FD  00  17  50  1E  A0  3C  01  0A
12:150  0:000  120  |  20  20  20  20  20  20  01  E4
12:150  0:000  ATI injection not set
12:151  0:000   RCBA disabled; cannot use it
12:151  0:000   setting specified layout-id=1 (0x1)
12:151  0:000  stringlength = 1012
12:151  0:000  OCABC: AllocPages 1 0x8DEA7000 (1) - Success
12:151  0:000  CurrentMode: Width=3840 Height=2160
12:151  0:000  SetNvramVariable (system-id, guid, 0x2, 16): -> writing new (Success)
12:151  0:000  SetNvramVariable (MLB, guid, 0x6, 17): -> writing new (Success)
12:151  0:000  SetNvramVariable (ROM, guid, 0x6, 6): -> writing new (Success)
12:152  0:000  SetNvramVariable (FirmwareFeatures, guid, 0x6, 4): -> writing new (Success)
12:152  0:000  SetNvramVariable (FirmwareFeaturesMask, guid, 0x6, 4): -> writing new (Success)
12:152  0:000  SetNvramVariable (ExtendedFirmwareFeatures, guid, 0x6, 8): -> writing new (Success)
12:153  0:000  SetNvramVariable (ExtendedFirmwareFeaturesMask, guid, 0x6, 8): -> writing new (Success)
12:153  0:000  AddNvramVariable (HW_BID, guid, 0x6, 20): -> writing new (Success)
12:154  0:000  AddNvramVariable (security-mode, guid, 0x7, 5): -> already exists, abort
12:154  0:000  DeleteNvramVariable (DefaultBackgroundColor, guid = Not Found):
12:154  0:000  DeleteNvramVariable (UIScale, guid = Not Found):
12:155  0:000  DeleteNvramVariable (EFILoginHiDPI, guid = Not Found):
12:155  0:000  SetNvramVariable (flagstate, guid, 0x7, 32): exists(0x7, 32), equal -> not writing again.
12:155  0:000  SetNvramVariable (csr-active-config, guid, 0x7, 4): exists(0x7, 4), equal -> not writing again.
12:155  0:000  DeleteNvramVariable (bootercfg, guid = Not Found):
12:155  0:000  DeleteNvramVariable (nvda_drv, guid = Not Found):
12:156  0:000  DeleteNvramVariable (recovery-boot-mode, guid = Not Found):
12:156  0:000  AddNvramVariable (wake-failure, guid, 0x7, 5): -> already exists, abort
12:156  0:000  Use origin smbios table type 1 guid.
12:162  0:006  SetStartupDiskVolume:
12:162  0:000    * Volume: 'Preboot'
12:162  0:000    * LoaderPath: '\9A937587-F0AE-41A9-A833-AC862F048712\System\Library\CoreServices\boot.efi'
12:162  0:000    * DevPath: Preboot
12:162  0:000    * GUID = 06923995-5745-429E-B3B0-60BD77B546E4
12:162  0:000  SetNvramVariable (efi-boot-device-data, guid, 0x7, 276): exists(0x7, 276), equal -> not writing again.
12:163  0:000    * efi-boot-device: <array><dict><key>IOMatch</key><dict><key>IOProviderClass</key><string>IOMedia</string><key>IOPropertyMatch</key><dict><key>UUID</key><string>06923995-5745-429E-B3B0-60BD77B546E4</string></dict></dict></dict></array>
12:163  0:000  SetNvramVariable (efi-boot-device, guid, 0x7, 216): exists(0x7, 216), equal -> not writing again.
12:163  0:000  Custom boot is disabled
12:163  0:000  DeleteNvramVariable (IOHibernateRTCVariables, guid = Not Found):
12:164  0:000  DeleteNvramVariable (boot-image, guid = Not Found):
12:164  0:000  Kernel quirks
12:164  0:000  ACPCL 0 AXCL 0 AXEM 0 AXFB 0 CSG 0 DIM 0 DLJ 1 DRC 0 DPM 0 EBTFF 0 EDI 0 IPBS 0 LKP 0 PNKD 1 PTKP 1 TPD 0 XPL 0
12:164  0:000  Closing log
12:166  0:001  OCABC: Patching safe mode sur-2 at off D896
12:166  0:000  OCABC: AllocPages 2 0x8C837000 (1) - Success
12:166  0:000  OC: Supported boot capabilities 4
12:166  0:000  OCOS: OS set: <null> macOS 11.0
12:166  0:000  OCOS: OS set: Apple Inc. macOS 11.0
12:166  0:000  OCOS: Should use black background
12:168  0:001  OCABC: AllocPages 1 0x7AAF2000 (1) - Success
12:173  0:004  OC: Opening file System\Library\Kernels\kernel with 1 mode gave - Not Found
12:173  0:000  OC: Opening file \9A937587-F0AE-41A9-A833-AC862F048712 with 1 mode gave - Success
12:173  0:000  OC: Opening file \9A937587-F0AE-41A9-A833-AC862F048712\System\Library\CoreServices\com.apple.Boot.plist with 1 mode gave - Success
12:174  0:000  OCABC: MMIO devirt start
12:174  0:000  OCABC: MMIO devirt 0xE0000000 (0x10000 pages, 0x8000000000000000) skip 0
12:174  0:000  OCABC: MMIO devirt 0xFE000000 (0x11 pages, 0x8000000000000001) skip 0
12:174  0:000  OCABC: MMIO devirt 0xFEC00000 (0x1 pages, 0x8000000000000001) skip 0
12:174  0:000  OCABC: MMIO devirt 0xFED00000 (0x1 pages, 0x8000000000000001) skip 0
12:174  0:000  OCABC: MMIO devirt 0xFEE00000 (0x1 pages, 0x800000000000100D) skip 0
12:174  0:000  OCABC: MMIO devirt 0xFF000000 (0x1000 pages, 0x800000000000100D) skip 0
12:174  0:000  OCABC: MMIO devirt end, saved 278608 KB
12:174  0:000  OCABC: AllocPages 2 0xA700000 (54763) - Not Found
22:174  10:000  OCB: InternalEfiExit 87977918 - Aborted / Unsupported
22:175  0:001  StartImage failed : Aborted
